[debug] [2022-06-22T04:19:42.131Z] ----------------------------------------------------------------------
[debug] [2022-06-22T04:19:42.132Z] Command:       C:\Program Files\nodejs\node.exe C:\Users\KSM\AppData\Roaming\npm\node_modules\firebase-tools\lib\bin\firebase.js init
[debug] [2022-06-22T04:19:42.132Z] CLI Version:   11.1.0
[debug] [2022-06-22T04:19:42.133Z] Platform:      win32
[debug] [2022-06-22T04:19:42.133Z] Node Version:  v16.13.0
[debug] [2022-06-22T04:19:42.133Z] Time:          Wed Jun 22 2022 13:19:42 GMT+0900 (대한민국 표준시)
[debug] [2022-06-22T04:19:42.133Z] ----------------------------------------------------------------------
[debug] 
[debug] [2022-06-22T04:19:42.178Z] > command requires scopes: ["email","openid","https://www.googleapis.com/auth/cloudplatformprojects.readonly","https://www.googleapis.com/auth/firebase","https://www.googleapis.com/auth/cloud-platform"]
[debug] [2022-06-22T04:19:42.178Z] > authorizing via signed-in user (dol2156@gmail.com)
[info] 
     ######## #### ########  ######## ########     ###     ######  ########
     ##        ##  ##     ## ##       ##     ##  ##   ##  ##       ##
     ######    ##  ########  ######   ########  #########  ######  ######
     ##        ##  ##    ##  ##       ##     ## ##     ##       ## ##
     ##       #### ##     ## ######## ########  ##     ##  ######  ########

You're about to initialize a Firebase project in this directory:

  C:\ProjectsSource\dol2156\mylog

Before we get started, keep in mind:

  * You are currently outside your home directory
  * You are initializing within an existing Firebase project directory

